2024/12/17 01:40:37 [notice] 1#1: using the "epoll" event method
2024/12/17 01:40:37 [notice] 1#1: nginx/1.26.2
2024/12/17 01:40:37 [notice] 1#1: built by gcc 13.2.1 20240309 (Alpine 13.2.1_git20240309) 
2024/12/17 01:40:37 [notice] 1#1: OS: Linux 5.15.0-126-generic
2024/12/17 01:40:37 [notice] 1#1: getrlimit(RLIMIT_NOFILE): 1024:524288
2024/12/17 01:40:37 [notice] 1#1: start worker processes
2024/12/17 01:40:37 [notice] 1#1: start worker process 30
2024/12/17 01:40:37 [notice] 1#1: start worker process 31
2024/12/17 01:40:37 [notice] 1#1: start worker process 32
2024/12/17 01:40:37 [notice] 1#1: start worker process 33
2024/12/17 01:40:37 [notice] 1#1: start worker process 34
2024/12/17 01:40:37 [notice] 1#1: start worker process 35
2024/12/17 01:40:37 [notice] 1#1: start worker process 36
2024/12/17 01:40:37 [notice] 1#1: start worker process 37
2024/12/17 01:58:14 [notice] 1#1: signal 3 (SIGQUIT) received, shutting down
2024/12/17 01:58:14 [notice] 32#32: gracefully shutting down
2024/12/17 01:58:14 [notice] 31#31: gracefully shutting down
2024/12/17 01:58:14 [notice] 33#33: gracefully shutting down
2024/12/17 01:58:14 [notice] 30#30: gracefully shutting down
2024/12/17 01:58:14 [notice] 31#31: exiting
2024/12/17 01:58:14 [notice] 32#32: exiting
2024/12/17 01:58:14 [notice] 33#33: exiting
2024/12/17 01:58:14 [notice] 30#30: exiting
2024/12/17 01:58:14 [notice] 33#33: exit
2024/12/17 01:58:14 [notice] 31#31: exit
2024/12/17 01:58:14 [notice] 30#30: exit
2024/12/17 01:58:14 [notice] 32#32: exit
2024/12/17 01:58:14 [notice] 36#36: gracefully shutting down
2024/12/17 01:58:14 [notice] 34#34: gracefully shutting down
2024/12/17 01:58:14 [notice] 34#34: exiting
2024/12/17 01:58:14 [notice] 36#36: exiting
2024/12/17 01:58:14 [notice] 34#34: exit
2024/12/17 01:58:14 [notice] 36#36: exit
2024/12/17 01:58:14 [notice] 35#35: gracefully shutting down
2024/12/17 01:58:14 [notice] 35#35: exiting
2024/12/17 01:58:14 [notice] 35#35: exit
2024/12/17 01:58:14 [notice] 37#37: gracefully shutting down
2024/12/17 01:58:14 [notice] 37#37: exiting
2024/12/17 01:58:14 [notice] 37#37: exit
2024/12/17 01:58:14 [notice] 1#1: signal 17 (SIGCHLD) received from 31
2024/12/17 01:58:14 [notice] 1#1: worker process 31 exited with code 0
2024/12/17 01:58:14 [notice] 1#1: worker process 32 exited with code 0
2024/12/17 01:58:14 [notice] 1#1: worker process 36 exited with code 0
2024/12/17 01:58:14 [notice] 1#1: signal 29 (SIGIO) received
2024/12/17 01:58:14 [notice] 1#1: signal 17 (SIGCHLD) received from 36
2024/12/17 01:58:14 [notice] 1#1: signal 17 (SIGCHLD) received from 37
2024/12/17 01:58:14 [notice] 1#1: worker process 37 exited with code 0
2024/12/17 01:58:14 [notice] 1#1: signal 29 (SIGIO) received
2024/12/17 01:58:14 [notice] 1#1: signal 17 (SIGCHLD) received from 33
2024/12/17 01:58:14 [notice] 1#1: worker process 33 exited with code 0
2024/12/17 01:58:14 [notice] 1#1: worker process 34 exited with code 0
2024/12/17 01:58:14 [notice] 1#1: signal 29 (SIGIO) received
2024/12/17 01:58:14 [notice] 1#1: signal 17 (SIGCHLD) received from 34
2024/12/17 01:58:14 [notice] 1#1: worker process 35 exited with code 0
2024/12/17 01:58:14 [notice] 1#1: signal 17 (SIGCHLD) received from 30
2024/12/17 01:58:14 [notice] 1#1: worker process 30 exited with code 0
2024/12/17 01:58:14 [notice] 1#1: exit
2024/12/17 01:58:57 [notice] 1#1: using the "epoll" event method
2024/12/17 01:58:57 [notice] 1#1: nginx/1.26.2
2024/12/17 01:58:57 [notice] 1#1: built by gcc 13.2.1 20240309 (Alpine 13.2.1_git20240309) 
2024/12/17 01:58:57 [notice] 1#1: OS: Linux 5.15.0-126-generic
2024/12/17 01:58:57 [notice] 1#1: getrlimit(RLIMIT_NOFILE): 1024:524288
2024/12/17 01:58:57 [notice] 1#1: start worker processes
2024/12/17 01:58:57 [notice] 1#1: start worker process 22
2024/12/17 01:58:57 [notice] 1#1: start worker process 23
2024/12/17 01:58:57 [notice] 1#1: start worker process 24
2024/12/17 01:58:57 [notice] 1#1: start worker process 25
2024/12/17 01:58:57 [notice] 1#1: start worker process 26
2024/12/17 01:58:57 [notice] 1#1: start worker process 27
2024/12/17 01:58:57 [notice] 1#1: start worker process 28
2024/12/17 01:58:57 [notice] 1#1: start worker process 29
2024/12/17 23:48:46 [notice] 1#1: using the "epoll" event method
2024/12/17 23:48:46 [notice] 1#1: nginx/1.26.2
2024/12/17 23:48:46 [notice] 1#1: built by gcc 13.2.1 20240309 (Alpine 13.2.1_git20240309) 
2024/12/17 23:48:46 [notice] 1#1: OS: Linux 5.15.0-126-generic
2024/12/17 23:48:46 [notice] 1#1: getrlimit(RLIMIT_NOFILE): 1024:524288
2024/12/17 23:48:46 [notice] 1#1: start worker processes
2024/12/17 23:48:46 [notice] 1#1: start worker process 31
2024/12/17 23:48:46 [notice] 1#1: start worker process 32
2024/12/17 23:48:46 [notice] 1#1: start worker process 33
2024/12/17 23:48:46 [notice] 1#1: start worker process 34
2024/12/17 23:48:46 [notice] 1#1: start worker process 35
2024/12/17 23:48:46 [notice] 1#1: start worker process 36
2024/12/17 23:48:46 [notice] 1#1: start worker process 37
2024/12/17 23:48:46 [notice] 1#1: start worker process 38
2024/12/17 23:59:44 [notice] 31#31: signal 15 (SIGTERM) received, exiting
2024/12/17 23:59:44 [notice] 32#32: signal 15 (SIGTERM) received, exiting
2024/12/17 23:59:44 [notice] 35#35: signal 15 (SIGTERM) received, exiting
2024/12/17 23:59:44 [notice] 1#1: signal 15 (SIGTERM) received, exiting
2024/12/17 23:59:44 [notice] 36#36: signal 15 (SIGTERM) received, exiting
2024/12/17 23:59:44 [notice] 31#31: exiting
2024/12/17 23:59:44 [notice] 32#32: exiting
2024/12/17 23:59:44 [notice] 35#35: exiting
2024/12/17 23:59:44 [notice] 1#1: signal 17 (SIGCHLD) received from 31
2024/12/17 23:59:44 [notice] 36#36: exiting
2024/12/17 23:59:44 [notice] 35#35: exit
2024/12/17 23:59:44 [notice] 32#32: exit
2024/12/17 23:59:44 [notice] 36#36: exit
2024/12/17 23:59:44 [notice] 34#34: signal 15 (SIGTERM) received, exiting
2024/12/17 23:59:44 [notice] 34#34: exiting
2024/12/17 23:59:44 [notice] 31#31: exit
2024/12/17 23:59:44 [notice] 34#34: exit
2024/12/17 23:59:44 [notice] 37#37: signal 15 (SIGTERM) received, exiting
2024/12/17 23:59:44 [notice] 37#37: exiting
2024/12/17 23:59:44 [notice] 38#38: signal 15 (SIGTERM) received, exiting
2024/12/17 23:59:44 [notice] 38#38: exiting
2024/12/17 23:59:44 [notice] 37#37: exit
2024/12/17 23:59:44 [notice] 38#38: exit
2024/12/17 23:59:44 [notice] 33#33: signal 15 (SIGTERM) received, exiting
2024/12/17 23:59:44 [notice] 33#33: exiting
2024/12/17 23:59:44 [notice] 33#33: exit
2024/12/17 23:59:44 [notice] 1#1: signal 17 (SIGCHLD) received from 36
2024/12/17 23:59:44 [notice] 1#1: signal 17 (SIGCHLD) received from 38
2024/12/17 23:59:44 [notice] 1#1: worker process 38 exited with code 0
2024/12/17 23:59:44 [notice] 1#1: signal 29 (SIGIO) received
2024/12/17 23:59:44 [notice] 1#1: signal 17 (SIGCHLD) received from 33
2024/12/17 23:59:44 [notice] 1#1: worker process 33 exited with code 0
2024/12/17 23:59:44 [notice] 1#1: signal 29 (SIGIO) received
2024/12/17 23:59:44 [notice] 1#1: signal 17 (SIGCHLD) received from 35
2024/12/17 23:59:44 [notice] 1#1: worker process 35 exited with code 0
2024/12/17 23:59:44 [notice] 1#1: worker process 36 exited with code 0
2024/12/17 23:59:44 [notice] 1#1: signal 29 (SIGIO) received
2024/12/17 23:59:44 [notice] 1#1: signal 17 (SIGCHLD) received from 36
2024/12/17 23:59:44 [notice] 1#1: signal 17 (SIGCHLD) received from 32
2024/12/17 23:59:44 [notice] 1#1: worker process 32 exited with code 0
2024/12/17 23:59:44 [notice] 1#1: worker process 34 exited with code 0
2024/12/17 23:59:44 [notice] 1#1: worker process 37 exited with code 0
2024/12/17 23:59:44 [notice] 1#1: signal 29 (SIGIO) received
2024/12/17 23:59:44 [notice] 1#1: signal 17 (SIGCHLD) received from 31
2024/12/17 23:59:44 [notice] 1#1: worker process 31 exited with code 0
2024/12/17 23:59:44 [notice] 1#1: exit
2024/12/18 00:02:18 [notice] 1#1: using the "epoll" event method
2024/12/18 00:02:18 [notice] 1#1: nginx/1.26.2
2024/12/18 00:02:18 [notice] 1#1: built by gcc 13.2.1 20240309 (Alpine 13.2.1_git20240309) 
2024/12/18 00:02:18 [notice] 1#1: OS: Linux 5.15.0-126-generic
2024/12/18 00:02:18 [notice] 1#1: getrlimit(RLIMIT_NOFILE): 1024:524288
2024/12/18 00:02:18 [notice] 1#1: start worker processes
2024/12/18 00:02:18 [notice] 1#1: start worker process 22
2024/12/18 00:02:18 [notice] 1#1: start worker process 23
2024/12/18 00:02:18 [notice] 1#1: start worker process 24
2024/12/18 00:02:18 [notice] 1#1: start worker process 25
2024/12/18 00:02:18 [notice] 1#1: start worker process 26
2024/12/18 00:02:18 [notice] 1#1: start worker process 27
2024/12/18 00:02:18 [notice] 1#1: start worker process 28
2024/12/18 00:02:18 [notice] 1#1: start worker process 29
2024/12/18 00:03:06 [error] 23#23: *1 open() "/usr/share/nginx/html/favicon.ico" failed (2: No such file or directory), client: 172.18.0.1, server: localhost, request: "GET /favicon.ico HTTP/1.1", host: "localhost", referrer: "http://localhost/"
2024/12/18 00:04:09 [notice] 1#1: signal 3 (SIGQUIT) received, shutting down
2024/12/18 00:04:09 [notice] 23#23: gracefully shutting down
2024/12/18 00:04:09 [notice] 22#22: gracefully shutting down
2024/12/18 00:04:09 [notice] 24#24: gracefully shutting down
2024/12/18 00:04:09 [notice] 25#25: gracefully shutting down
2024/12/18 00:04:09 [notice] 29#29: gracefully shutting down
2024/12/18 00:04:09 [notice] 22#22: exiting
2024/12/18 00:04:09 [notice] 24#24: exiting
2024/12/18 00:04:09 [notice] 25#25: exiting
2024/12/18 00:04:09 [notice] 29#29: exiting
2024/12/18 00:04:09 [notice] 23#23: exiting
2024/12/18 00:04:09 [notice] 24#24: exit
2024/12/18 00:04:09 [notice] 29#29: exit
2024/12/18 00:04:09 [notice] 22#22: exit
2024/12/18 00:04:09 [notice] 25#25: exit
2024/12/18 00:04:09 [notice] 23#23: exit
2024/12/18 00:04:09 [notice] 28#28: gracefully shutting down
2024/12/18 00:04:09 [notice] 28#28: exiting
2024/12/18 00:04:09 [notice] 28#28: exit
2024/12/18 00:04:09 [notice] 27#27: gracefully shutting down
2024/12/18 00:04:09 [notice] 26#26: gracefully shutting down
2024/12/18 00:04:09 [notice] 27#27: exiting
2024/12/18 00:04:09 [notice] 26#26: exiting
2024/12/18 00:04:09 [notice] 27#27: exit
2024/12/18 00:04:09 [notice] 26#26: exit
2024/12/18 00:04:09 [notice] 1#1: signal 17 (SIGCHLD) received from 25
2024/12/18 00:04:09 [notice] 1#1: worker process 25 exited with code 0
2024/12/18 00:04:09 [notice] 1#1: signal 29 (SIGIO) received
2024/12/18 00:04:09 [notice] 1#1: signal 17 (SIGCHLD) received from 23
2024/12/18 00:04:09 [notice] 1#1: worker process 22 exited with code 0
2024/12/18 00:04:09 [notice] 1#1: worker process 23 exited with code 0
2024/12/18 00:04:09 [notice] 1#1: worker process 26 exited with code 0
2024/12/18 00:04:09 [notice] 1#1: signal 29 (SIGIO) received
2024/12/18 00:04:09 [notice] 1#1: signal 17 (SIGCHLD) received from 26
2024/12/18 00:04:09 [notice] 1#1: signal 17 (SIGCHLD) received from 29
2024/12/18 00:04:09 [notice] 1#1: worker process 29 exited with code 0
2024/12/18 00:04:09 [notice] 1#1: signal 29 (SIGIO) received
2024/12/18 00:04:09 [notice] 1#1: signal 17 (SIGCHLD) received from 27
2024/12/18 00:04:09 [notice] 1#1: worker process 27 exited with code 0
2024/12/18 00:04:09 [notice] 1#1: signal 29 (SIGIO) received
2024/12/18 00:04:09 [notice] 1#1: signal 17 (SIGCHLD) received from 28
2024/12/18 00:04:09 [notice] 1#1: worker process 28 exited with code 0
2024/12/18 00:04:09 [notice] 1#1: signal 29 (SIGIO) received
2024/12/18 00:04:09 [notice] 1#1: signal 17 (SIGCHLD) received from 24
2024/12/18 00:04:09 [notice] 1#1: worker process 24 exited with code 0
2024/12/18 00:04:09 [notice] 1#1: exit
2024/12/18 00:04:16 [notice] 1#1: using the "epoll" event method
2024/12/18 00:04:16 [notice] 1#1: nginx/1.26.2
2024/12/18 00:04:16 [notice] 1#1: built by gcc 13.2.1 20240309 (Alpine 13.2.1_git20240309) 
2024/12/18 00:04:16 [notice] 1#1: OS: Linux 5.15.0-126-generic
2024/12/18 00:04:16 [notice] 1#1: getrlimit(RLIMIT_NOFILE): 1024:524288
2024/12/18 00:04:16 [notice] 1#1: start worker processes
2024/12/18 00:04:16 [notice] 1#1: start worker process 22
2024/12/18 00:04:16 [notice] 1#1: start worker process 23
2024/12/18 00:04:16 [notice] 1#1: start worker process 24
2024/12/18 00:04:16 [notice] 1#1: start worker process 25
2024/12/18 00:04:16 [notice] 1#1: start worker process 26
2024/12/18 00:04:16 [notice] 1#1: start worker process 27
2024/12/18 00:04:16 [notice] 1#1: start worker process 28
2024/12/18 00:04:16 [notice] 1#1: start worker process 29
2024/12/18 00:04:39 [error] 22#22: *1 open() "/usr/share/nginx/html/80" failed (2: No such file or directory), client: 172.18.0.1, server: localhost, request: "GET /80 HTTP/1.1", host: "localhost"
2024/12/18 00:09:23 [notice] 1#1: signal 3 (SIGQUIT) received, shutting down
2024/12/18 00:09:23 [notice] 22#22: gracefully shutting down
2024/12/18 00:09:23 [notice] 23#23: gracefully shutting down
2024/12/18 00:09:23 [notice] 22#22: exiting
2024/12/18 00:09:23 [notice] 27#27: gracefully shutting down
2024/12/18 00:09:23 [notice] 26#26: gracefully shutting down
2024/12/18 00:09:23 [notice] 28#28: gracefully shutting down
2024/12/18 00:09:23 [notice] 23#23: exiting
2024/12/18 00:09:23 [notice] 27#27: exiting
2024/12/18 00:09:23 [notice] 26#26: exiting
2024/12/18 00:09:23 [notice] 28#28: exiting
2024/12/18 00:09:23 [notice] 24#24: gracefully shutting down
2024/12/18 00:09:23 [notice] 24#24: exiting
2024/12/18 00:09:23 [notice] 22#22: exit
2024/12/18 00:09:23 [notice] 28#28: exit
2024/12/18 00:09:23 [notice] 23#23: exit
2024/12/18 00:09:23 [notice] 27#27: exit
2024/12/18 00:09:23 [notice] 26#26: exit
2024/12/18 00:09:23 [notice] 25#25: gracefully shutting down
2024/12/18 00:09:23 [notice] 24#24: exit
2024/12/18 00:09:23 [notice] 25#25: exiting
2024/12/18 00:09:23 [notice] 29#29: gracefully shutting down
2024/12/18 00:09:23 [notice] 29#29: exiting
2024/12/18 00:09:23 [notice] 25#25: exit
2024/12/18 00:09:23 [notice] 29#29: exit
2024/12/18 00:09:23 [notice] 1#1: signal 17 (SIGCHLD) received from 24
2024/12/18 00:09:23 [notice] 1#1: worker process 22 exited with code 0
2024/12/18 00:09:23 [notice] 1#1: worker process 23 exited with code 0
2024/12/18 00:09:23 [notice] 1#1: worker process 24 exited with code 0
2024/12/18 00:09:23 [notice] 1#1: worker process 26 exited with code 0
2024/12/18 00:09:23 [notice] 1#1: worker process 27 exited with code 0
2024/12/18 00:09:23 [notice] 1#1: worker process 28 exited with code 0
2024/12/18 00:09:23 [notice] 1#1: worker process 29 exited with code 0
2024/12/18 00:09:23 [notice] 1#1: signal 29 (SIGIO) received
2024/12/18 00:09:23 [notice] 1#1: signal 17 (SIGCHLD) received from 25
2024/12/18 00:09:23 [notice] 1#1: worker process 25 exited with code 0
2024/12/18 00:09:23 [notice] 1#1: exit
